<?xml version="1.0" encoding="UTF-8"?>
<testng-results ignored="0" total="6" passed="6" failed="0" skipped="0">
  <reporter-output>
  </reporter-output>
  <suite started-at="2020-06-09T13:33:57 MSK" name="Homework" finished-at="2020-06-09T13:34:22 MSK" duration-ms="25203">
    <groups>
    </groups>
    <test started-at="2020-06-09T13:33:57 MSK" name="Calculator" finished-at="2020-06-09T13:33:57 MSK" duration-ms="74">
      <class name="calculator.TestCalculator">
        <test-method is-config="true" signature="setUpData()[pri:0, instance:calculator.TestCalculator@400cff1a]" started-at="2020-06-09T13:33:57 MSK" name="setUpData" finished-at="2020-06-09T13:33:57 MSK" duration-ms="12" status="PASS">
          <reporter-output>
          </reporter-output>
        </test-method> <!-- setUpData -->
        <test-method signature="addition()[pri:0, instance:calculator.TestCalculator@400cff1a]" started-at="2020-06-09T13:33:57 MSK" name="addition" finished-at="2020-06-09T13:33:57 MSK" duration-ms="5" status="PASS">
          <reporter-output>
          </reporter-output>
        </test-method> <!-- addition -->
        <test-method signature="division()[pri:0, instance:calculator.TestCalculator@400cff1a]" started-at="2020-06-09T13:33:57 MSK" name="division" finished-at="2020-06-09T13:33:57 MSK" duration-ms="2" status="PASS">
          <reporter-output>
          </reporter-output>
        </test-method> <!-- division -->
        <test-method signature="multiplication()[pri:0, instance:calculator.TestCalculator@400cff1a]" started-at="2020-06-09T13:33:57 MSK" name="multiplication" finished-at="2020-06-09T13:33:57 MSK" duration-ms="1" status="PASS">
          <reporter-output>
          </reporter-output>
        </test-method> <!-- multiplication -->
        <test-method signature="square()[pri:0, instance:calculator.TestCalculator@400cff1a]" started-at="2020-06-09T13:33:57 MSK" name="square" finished-at="2020-06-09T13:33:57 MSK" duration-ms="0" status="PASS">
          <reporter-output>
          </reporter-output>
        </test-method> <!-- square -->
        <test-method signature="subtraction()[pri:0, instance:calculator.TestCalculator@400cff1a]" started-at="2020-06-09T13:33:57 MSK" name="subtraction" finished-at="2020-06-09T13:33:57 MSK" duration-ms="1" status="PASS">
          <reporter-output>
          </reporter-output>
        </test-method> <!-- subtraction -->
      </class> <!-- calculator.TestCalculator -->
    </test> <!-- Calculator -->
    <test started-at="2020-06-09T13:33:57 MSK" name="Authorization" finished-at="2020-06-09T13:34:22 MSK" duration-ms="25075">
      <class name="vk.vkTest">
        <test-method is-config="true" signature="setUpData()[pri:0, instance:vk.vkTest@cd1d761]" started-at="2020-06-09T13:33:57 MSK" name="setUpData" finished-at="2020-06-09T13:33:57 MSK" duration-ms="1" status="PASS">
          <reporter-output>
          </reporter-output>
        </test-method> <!-- setUpData -->
        <test-method signature="emailLoginTest()[pri:0, instance:vk.vkTest@cd1d761]" started-at="2020-06-09T13:33:57 MSK" name="emailLoginTest" finished-at="2020-06-09T13:34:21 MSK" duration-ms="23897" status="PASS">
          <reporter-output>
          </reporter-output>
        </test-method> <!-- emailLoginTest -->
        <test-method is-config="true" signature="out()[pri:0, instance:vk.vkTest@cd1d761]" started-at="2020-06-09T13:34:21 MSK" name="out" finished-at="2020-06-09T13:34:22 MSK" duration-ms="1175" status="PASS">
          <reporter-output>
          </reporter-output>
        </test-method> <!-- out -->
      </class> <!-- vk.vkTest -->
    </test> <!-- Authorization -->
  </suite> <!-- Homework -->
</testng-results>
