<?xml version="1.0" encoding="UTF-8"?>
<testsuite xmlns:xsi="http://www.w3.org/2001/XMLSchema-instance" xsi:noNamespaceSchemaLocation="https://maven.apache.org/surefire/maven-surefire-plugin/xsd/surefire-test-report-3.0.xsd" version="3.0" name="TestSuite" time="30.216" tests="6" errors="0" skipped="0" failures="0">
  <properties>
[...]
</properties>
  <testcase name="addition" classname="calculator.TestCalculator" time="0.008"/>
  <testcase name="division" classname="calculator.TestCalculator" time="0.006"/>
  <testcase name="multiplication" classname="calculator.TestCalculator" time="0.001"/>
  <testcase name="square" classname="calculator.TestCalculator" time="0.001"/>
  <testcase name="subtraction" classname="calculator.TestCalculator" time="0.002"/>
  <testcase name="emailLoginTest" classname="vk.vkTest" time="23.925"/>
</testsuite>