<?xml version="1.0" encoding="UTF-8"?>
<!-- Generated by org.testng.reporters.JUnitXMLReporter -->
<testsuite ignored="0" hostname="Lenin" failures="0" tests="5" name="Calculator" time="0.074" errors="0" timestamp="2020-06-09T13:33:57 MSK">
  <testcase classname="calculator.TestCalculator" name="addition" time="0.005"/>
  <testcase classname="calculator.TestCalculator" name="division" time="0.002"/>
  <testcase classname="calculator.TestCalculator" name="multiplication" time="0.001"/>
  <testcase classname="calculator.TestCalculator" name="square" time="0.0"/>
  <testcase classname="calculator.TestCalculator" name="subtraction" time="0.001"/>
</testsuite> <!-- Calculator -->
